[0m
[0m [0m [0m [0m [0m [0m [0m [0m [0m [0m [0m [0m [0m [0m [0m [0m [0m [0m [0m [0m [0m [0m [0m [0m [0m [0m [0m [0m [0m [0m [0m [0m [0m [0m [0m [0m [0m [0m [0m [0m [0m [0m [0m [0m [0m [0m [0m [0m [0m [0m [0m [0m [0m [0m [0m [0m [0m [0m [0m [48;5;255m [48;5;255m [0m [0m [0m [0m [0m [0m [0m [0m [0m [0m [0m [0m
[0m [0m [0m [0m [0m [0m [0m [0m [0m [0m [0m [0m [0m [0m [0m [0m [0m [0m [0m [0m [0m [0m [0m [0m [0m [0m [0m [0m [0m [0m [0m [0m [0m [0m [0m [0m [0m [0m [0m [0m [0m [0m [0m [0m [0m [0m [0m [0m [0m [0m [0m [0m [0m [0m [0m [0m [0m [0m [0m [48;5;255m [48;5;255m [0m [0m [0m [0m [0m [0m [0m [0m [0m [0m [0m [0m
[0m [0m [0m [0m [0m [0m [0m [0m [0m [0m [0m [0m [0m [0m [0m [0m [0m [0m [0m [0m [0m [0m [0m [0m [0m [0m [0m [0m [0m [0m [0m [0m [0m [0m [0m [0m [0m [0m [0m [0m [0m [0m [0m [0m [0m [0m [0m [0m [0m [0m [0m [0m [0m [0m [0m [0m [0m [0m [0m [48;5;255m [48;5;255m [0m [0m [0m [0m [0m [0m [0m [0m [0m [0m [0m [0m
[48;5;255m [48;5;255m [48;5;255m [48;5;255m [48;5;255m [48;5;255m [48;5;255m [0m [0m [48;5;255m [48;5;255m [48;5;255m [48;5;255m [48;5;255m [48;5;255m [48;5;255m [48;5;255m [0m [0m [48;5;255m [48;5;255m [48;5;255m [48;5;255m [48;5;255m [48;5;255m [48;5;255m [48;5;255m [48;5;255m [48;5;255m [48;5;255m [48;5;255m [0m [0m [48;5;255m [48;5;255m [48;5;255m [48;5;255m [48;5;255m [48;5;255m [48;5;255m [48;5;255m [0m [0m [48;5;255m [48;5;255m [48;5;255m [48;5;255m [48;5;255m [48;5;255m [48;5;255m [48;5;255m [0m [0m [48;5;255m [48;5;255m [48;5;255m [48;5;255m [48;5;255m [48;5;255m [48;5;255m [48;5;255m [0m [0m [48;5;255m [48;5;255m [48;5;255m [48;5;255m [48;5;255m [48;5;255m [48;5;255m [48;5;255m [0m [0m [48;5;255m [48;5;255m [48;5;255m [48;5;255m [48;5;255m [48;5;255m [48;5;255m [48;5;255m [0m
[48;5;255m [48;5;255m [0m [0m [0m [0m [0m [0m [0m [48;5;255m [48;5;255m [0m [0m [0m [0m [48;5;255m [48;5;255m [0m [0m [48;5;255m [48;5;255m [0m [0m [0m [48;5;255m [48;5;255m [0m [0m [0m [48;5;255m [48;5;255m [0m [0m [48;5;255m [48;5;255m [0m [0m [0m [0m [48;5;255m [48;5;255m [0m [0m [48;5;255m [48;5;255m [0m [0m [0m [0m [48;5;255m [48;5;255m [0m [0m [48;5;255m [48;5;255m [0m [0m [0m [0m [48;5;255m [48;5;255m [0m [0m [48;5;255m [48;5;255m [0m [0m [0m [0m [48;5;255m [48;5;255m [0m [0m [48;5;255m [48;5;255m [0m
[48;5;255m [48;5;255m [0m [0m [0m [0m [0m [0m [0m [48;5;255m [48;5;255m [0m [0m [0m [0m [48;5;255m [48;5;255m [0m [0m [48;5;255m [48;5;255m [0m [0m [0m [48;5;255m [48;5;255m [0m [0m [0m [48;5;255m [48;5;255m [0m [0m [48;5;255m [48;5;255m [0m [0m [0m [0m [48;5;255m [48;5;255m [0m [0m [48;5;255m [48;5;255m [0m [0m [0m [0m [48;5;255m [48;5;255m [0m [0m [48;5;255m [48;5;255m [0m [0m [0m [0m [48;5;255m [48;5;255m [0m [0m [48;5;255m [48;5;255m [0m [0m [0m [0m [48;5;255m [48;5;255m [0m [0m [48;5;255m [48;5;255m [0m
[48;5;255m [48;5;255m [0m [0m [0m [0m [0m [0m [0m [48;5;255m [48;5;255m [0m [0m [0m [0m [48;5;255m [48;5;255m [0m [0m [48;5;255m [48;5;255m [0m [0m [0m [48;5;255m [48;5;255m [0m [0m [0m [48;5;255m [48;5;255m [0m [0m [48;5;255m [48;5;255m [0m [0m [0m [0m [48;5;255m [48;5;255m [0m [0m [48;5;255m [48;5;255m [0m [0m [0m [0m [48;5;255m [48;5;255m [0m [0m [48;5;255m [48;5;255m [0m [0m [0m [0m [48;5;255m [48;5;255m [0m [0m [48;5;255m [48;5;255m [0m [0m [0m [0m [48;5;255m [48;5;255m [0m [0m [48;5;255m [48;5;255m [0m
[48;5;255m [48;5;255m [48;5;255m [48;5;255m [48;5;255m [48;5;255m [48;5;255m [0m [0m [48;5;255m [48;5;255m [48;5;255m [48;5;255m [48;5;255m [48;5;255m [48;5;255m [48;5;255m [0m [0m [48;5;255m [48;5;255m [0m [0m [0m [48;5;255m [48;5;255m [0m [0m [0m [48;5;255m [48;5;255m [0m [0m [48;5;255m [48;5;255m [48;5;255m [48;5;255m [48;5;255m [48;5;255m [48;5;255m [48;5;255m [0m [0m [48;5;255m [48;5;255m [48;5;255m [48;5;255m [48;5;255m [48;5;255m [48;5;255m [48;5;255m [0m [0m [48;5;255m [48;5;255m [48;5;255m [48;5;255m [48;5;255m [48;5;255m [48;5;255m [48;5;255m [0m [0m [48;5;255m [48;5;255m [48;5;255m [48;5;255m [48;5;255m [48;5;255m [48;5;255m [48;5;255m [0m [0m [48;5;255m [48;5;255m [48;5;255m [48;5;255m [48;5;255m [48;5;255m [48;5;255m [48;5;255m [0m
[0m [0m [0m [0m [0m [0m [0m [0m [0m [0m [0m [0m [0m [0m [0m [0m [0m [0m [0m [0m [0m [0m [0m [0m [0m [0m [0m [0m [0m [0m [0m [0m [0m [48;5;255m [48;5;255m [0m [0m [0m [0m [0m [0m [0m [0m [0m [0m [0m [0m
[0m [0m [0m [0m [0m [0m [0m [0m [0m [0m [0m [0m [0m [0m [0m [0m [0m [0m [0m [0m [0m [0m [0m [0m [0m [0m [0m [0m [0m [0m [0m [0m [0m [48;5;255m [48;5;255m [0m [0m [0m [0m [0m [0m [0m [0m [0m [0m [0m [0m
[0m [0m [0m [0m [0m [0m [0m [0m [0m [0m [0m [0m [0m [0m [0m [0m [0m [0m [0m [0m [0m [0m [0m [0m [0m [0m [0m [0m [0m [0m [0m [0m [0m [48;5;255m [48;5;255m [0m [0m [0m [0m [0m [0m [0m [0m [0m [0m [0m [0m

1.1.21

TypeScript version used by Compodoc : 5.0.2

TypeScript version of current project : 4.9.4

Node.js version : v16.20.1

Operating system : Windows 10

[09:42:29] No configuration file found, switching to CLI flags.
[09:42:29] Using tsconfig file : C:\Workspace\DX-DesignSystem\design-system\.storybook\tsconfig.json
[09:42:29] Including      : C:/Workspace/DX-DesignSystem/design-system/.storybook/preview.ts
[09:42:29] Excluding      : C:/Workspace/DX-DesignSystem/design-system/src/favicon.ico
[09:42:29] Excluding      : C:/Workspace/DX-DesignSystem/design-system/src/index.html
[09:42:29] Including      : C:/Workspace/DX-DesignSystem/design-system/src/main.ts
[09:42:29] Excluding      : C:/Workspace/DX-DesignSystem/design-system/src/styles.scss
[09:42:29] Excluding      : C:/Workspace/DX-DesignSystem/design-system/src/trushield-theme.scss
[09:42:29] Excluding      : C:/Workspace/DX-DesignSystem/design-system/src/app/app.component.html
[09:42:29] Excluding      : C:/Workspace/DX-DesignSystem/design-system/src/app/app.component.scss
[09:42:29] Including      : C:/Workspace/DX-DesignSystem/design-system/src/app/app.component.ts
[09:42:29] Including      : C:/Workspace/DX-DesignSystem/design-system/src/app/app.module.ts
[09:42:29] Including      : C:/Workspace/DX-DesignSystem/design-system/src/shared/material.module.ts
[09:42:29] Excluding      : C:/Workspace/DX-DesignSystem/design-system/src/stories/Introduction.mdx
[09:42:29] Including      : C:/Workspace/DX-DesignSystem/design-system/src/stories/User.ts
[09:42:29] Excluding      : C:/Workspace/DX-DesignSystem/design-system/src/app/button/button.component.html
[09:42:29] Excluding      : C:/Workspace/DX-DesignSystem/design-system/src/app/button/button.component.scss
[09:42:29] Including      : C:/Workspace/DX-DesignSystem/design-system/src/app/button/button.component.ts
[09:42:29] Excluding      : C:/Workspace/DX-DesignSystem/design-system/src/assets/css/tailwind.css
[09:42:29] Excluding      : C:/Workspace/DX-DesignSystem/design-system/src/stories/assets/accessibility.png
[09:42:29] Excluding      : C:/Workspace/DX-DesignSystem/design-system/src/stories/assets/accessibility.svg
[09:42:29] Excluding      : C:/Workspace/DX-DesignSystem/design-system/src/stories/assets/addon-library.png
[09:42:29] Excluding      : C:/Workspace/DX-DesignSystem/design-system/src/stories/assets/assets.png
[09:42:29] Excluding      : C:/Workspace/DX-DesignSystem/design-system/src/stories/assets/cc.png
[09:42:29] Excluding      : C:/Workspace/DX-DesignSystem/design-system/src/stories/assets/century-gothic.png
[09:42:29] Excluding      : C:/Workspace/DX-DesignSystem/design-system/src/stories/assets/communication.png
[09:42:29] Excluding      : C:/Workspace/DX-DesignSystem/design-system/src/stories/assets/context.png
[09:42:29] Excluding      : C:/Workspace/DX-DesignSystem/design-system/src/stories/assets/discord.svg
[09:42:29] Excluding      : C:/Workspace/DX-DesignSystem/design-system/src/stories/assets/docs.png
[09:42:29] Excluding      : C:/Workspace/DX-DesignSystem/design-system/src/stories/assets/figma-plugin.png
[09:42:29] Excluding      : C:/Workspace/DX-DesignSystem/design-system/src/stories/assets/freight-micro-pro.png
[09:42:29] Excluding      : C:/Workspace/DX-DesignSystem/design-system/src/stories/assets/freight-sans-pro.png
[09:42:29] Excluding      : C:/Workspace/DX-DesignSystem/design-system/src/stories/assets/github.svg
[09:42:29] Excluding      : C:/Workspace/DX-DesignSystem/design-system/src/stories/assets/intro.png
[09:42:29] Excluding      : C:/Workspace/DX-DesignSystem/design-system/src/stories/assets/share.png
[09:42:29] Excluding      : C:/Workspace/DX-DesignSystem/design-system/src/stories/assets/styling.png
[09:42:29] Excluding      : C:/Workspace/DX-DesignSystem/design-system/src/stories/assets/testing.png
[09:42:29] Excluding      : C:/Workspace/DX-DesignSystem/design-system/src/stories/assets/theming.png
[09:42:29] Excluding      : C:/Workspace/DX-DesignSystem/design-system/src/stories/assets/trushield-logo.png
[09:42:29] Excluding      : C:/Workspace/DX-DesignSystem/design-system/src/stories/assets/tutorials.svg
[09:42:29] Excluding      : C:/Workspace/DX-DesignSystem/design-system/src/stories/assets/typography-styling.png
[09:42:29] Excluding      : C:/Workspace/DX-DesignSystem/design-system/src/stories/assets/youtube.svg
[09:42:29] Excluding      : C:/Workspace/DX-DesignSystem/design-system/src/stories/brand-identity/Color.stories.mdx
[09:42:29] Excluding      : C:/Workspace/DX-DesignSystem/design-system/src/stories/brand-identity/Communication.stories.mdx
[09:42:29] Excluding      : C:/Workspace/DX-DesignSystem/design-system/src/stories/brand-identity/Typography.stories.mdx
[09:42:29] Excluding      : C:/Workspace/DX-DesignSystem/design-system/src/stories/getting-started/Designer.stories.mdx
[09:42:29] Excluding      : C:/Workspace/DX-DesignSystem/design-system/src/stories/getting-started/Developer.stories.mdx
[09:42:29] Including      : C:/Workspace/DX-DesignSystem/design-system/src/stories/components/Button/Button.stories.ts
[09:42:29] Including      : C:/Workspace/DX-DesignSystem/design-system/src/stories/components/Header/header.component.ts
[09:42:29] Excluding      : C:/Workspace/DX-DesignSystem/design-system/src/stories/components/Header/header.css
[09:42:29] Including      : C:/Workspace/DX-DesignSystem/design-system/src/stories/components/Header/Header.sstories.ts
[09:42:29] Including      : C:/Workspace/DX-DesignSystem/design-system/src/stories/components/Page/page.component.ts
[09:42:29] Excluding      : C:/Workspace/DX-DesignSystem/design-system/src/stories/components/Page/page.css
[09:42:29] Including      : C:/Workspace/DX-DesignSystem/design-system/src/stories/components/Page/Page.sstories.ts
[09:42:29] Searching package.json file
[09:42:29] package.json file found
[09:42:29] Processing package.json dependencies
[09:42:29] Searching README.md, CHANGELOG.md, CONTRIBUTING.md, LICENSE.md, TODO.md files
[09:42:29] README.md file found
[09:42:29] Error during C:\Workspace\DX-DesignSystem\design-system\CHANGELOG read
[09:42:29] Continuing without CHANGELOG.md file
[09:42:29] Error during C:\Workspace\DX-DesignSystem\design-system\CONTRIBUTING read
[09:42:29] Continuing without CONTRIBUTING.md file
[09:42:29] Error during C:\Workspace\DX-DesignSystem\design-system\LICENSE read
[09:42:29] Continuing without LICENSE.md file
[09:42:29] Error during C:\Workspace\DX-DesignSystem\design-system\TODO read
[09:42:29] Continuing without TODO.md file
[09:42:29] Get dependencies data
[09:42:29] parsing        : C:/Workspace/DX-DesignSystem/design-system/.storybook/preview.ts
[09:42:29] found          : preview
[09:42:29] parsing        : C:/Workspace/DX-DesignSystem/design-system/src/main.ts
[09:42:29] parsing        : C:/Workspace/DX-DesignSystem/design-system/src/app/app.component.ts
[09:42:29] found          : AppComponent
[09:42:29] parsing        : C:/Workspace/DX-DesignSystem/design-system/src/app/app.module.ts
[09:42:29] found          : AppModule
[09:42:29]                : - imports:
[09:42:29]                : 	- BrowserModule
[09:42:29]                : 	- BrowserAnimationsModule
[09:42:29]                : 	- MaterialModule
[09:42:29]                : - declarations:
[09:42:29]                : 	- AppComponent
[09:42:29]                : 	- ButtonComponent
[09:42:29]                : - bootstrap:
[09:42:29]                : 	- AppComponent
[09:42:29] parsing        : C:/Workspace/DX-DesignSystem/design-system/src/shared/material.module.ts
[09:42:29] found          : DateFormats
[09:42:29] found          : MaterialModule
[09:42:29]                : - imports:
[09:42:29]                : 	- CommonModule
[09:42:29]                : 	- MatAutocompleteModule
[09:42:29]                : 	- MatButtonModule
[09:42:29]                : 	- MatButtonToggleModule
[09:42:29]                : 	- MatCardModule
[09:42:29]                : 	- MatCheckboxModule
[09:42:29]                : 	- MatChipsModule
[09:42:29]                : 	- MatDatepickerModule
[09:42:29]                : 	- MatDialogModule
[09:42:30]                : 	- MatDividerModule
[09:42:30]                : 	- MatExpansionModule
[09:42:30]                : 	- MatFormFieldModule
[09:42:30]                : 	- MatInputModule
[09:42:30]                : 	- MatIconModule
[09:42:30]                : 	- MatListModule
[09:42:30]                : 	- MatMenuModule
[09:42:30]                : 	- MatNativeDateModule
[09:42:30]                : 	- MatProgressBarModule
[09:42:30]                : 	- MatProgressSpinnerModule
[09:42:30]                : 	- MatRadioModule
[09:42:30]                : 	- MatRippleModule
[09:42:30]                : 	- MatSelectModule
[09:42:30]                : 	- MatSliderModule
[09:42:30]                : 	- MatSlideToggleModule
[09:42:30]                : 	- MatSnackBarModule
[09:42:30]                : 	- MatStepperModule
[09:42:30]                : 	- MatTableModule
[09:42:30]                : 	- MatTabsModule
[09:42:30]                : 	- MatToolbarModule
[09:42:30]                : 	- MatTooltipModule
[09:42:30]                : 	- TextFieldModule
[09:42:30]                : - exports:
[09:42:30]                : 	- CommonModule
[09:42:30]                : 	- MatAutocompleteModule
[09:42:30]                : 	- MatButtonModule
[09:42:30]                : 	- MatButtonToggleModule
[09:42:30]                : 	- MatCardModule
[09:42:30]                : 	- MatCheckboxModule
[09:42:30]                : 	- MatChipsModule
[09:42:30]                : 	- MatDatepickerModule
[09:42:30]                : 	- MatDialogModule
[09:42:30]                : 	- MatDividerModule
[09:42:30]                : 	- MatExpansionModule
[09:42:30]                : 	- MatFormFieldModule
[09:42:30]                : 	- MatInputModule
[09:42:30]                : 	- MatIconModule
[09:42:30]                : 	- MatListModule
[09:42:30]                : 	- MatMenuModule
[09:42:30]                : 	- MatNativeDateModule
[09:42:30]                : 	- MatProgressBarModule
[09:42:30]                : 	- MatProgressSpinnerModule
[09:42:30]                : 	- MatRadioModule
[09:42:30]                : 	- MatRippleModule
[09:42:30]                : 	- MatSelectModule
[09:42:30]                : 	- MatSliderModule
[09:42:30]                : 	- MatSlideToggleModule
[09:42:30]                : 	- MatSnackBarModule
[09:42:30]                : 	- MatStepperModule
[09:42:30]                : 	- MatTableModule
[09:42:30]                : 	- MatTabsModule
[09:42:30]                : 	- MatToolbarModule
[09:42:30]                : 	- MatTooltipModule
[09:42:30]                : 	- TextFieldModule
[09:42:30] parsing        : C:/Workspace/DX-DesignSystem/design-system/src/stories/User.ts
[09:42:30] found          : User
[09:42:30] parsing        : C:/Workspace/DX-DesignSystem/design-system/src/app/button/button.component.ts
[09:42:30] found          : ButtonComponent
[09:42:30] parsing        : C:/Workspace/DX-DesignSystem/design-system/src/stories/components/Button/Button.stories.ts
[09:42:30] found          : meta
[09:42:30] found          : Story
[09:42:30] found          : Button
[09:42:30] found          : ButtonWithIcon
[09:42:30] found          : OnlyIcon
[09:42:30] parsing        : C:/Workspace/DX-DesignSystem/design-system/src/stories/components/Header/header.component.ts
[09:42:30] found          : HeaderComponent
[09:42:30] parsing        : C:/Workspace/DX-DesignSystem/design-system/src/stories/components/Header/Header.sstories.ts
[09:42:30] parsing        : C:/Workspace/DX-DesignSystem/design-system/src/stories/components/Page/page.component.ts
[09:42:30] found          : PageComponent
[09:42:30] parsing        : C:/Workspace/DX-DesignSystem/design-system/src/stories/components/Page/Page.sstories.ts
[09:42:30] -------------------
[09:42:30] Project statistics 
[09:42:30] - files      : 13
[09:42:30] - module     : 2
[09:42:30] - component  : 4
[09:42:30] - interface  : 1
[09:42:30] -------------------
[09:42:30] Prepare components
[09:42:30]  AppComponent has a templateUrl, include it
[09:42:30]  AppComponent has styleUrls, include them
[09:42:30]  ButtonComponent has a templateUrl, include it
[09:42:30]  ButtonComponent has styleUrls, include them
[09:42:30]  HeaderComponent has styleUrls, include them
[09:42:30]  PageComponent has styleUrls, include them
[09:42:30] Prepare modules
[09:42:30] Prepare interfaces
[09:42:30] Prepare miscellaneous
[09:42:30] Process documentation coverage report
[09:42:30] Generating documentation in export format json
[09:42:30] Documentation generated in ./ in 0.909 seconds
info => Cleaning outputDir: C:\Users\nbitjkj\AppData\Local\Temp\chromatic--18272-loeeXnaVs5Ui

info => Loading presets
info => Building manager..
info => Manager built (1.4 s)
info => Compiling preview..
info => Copying static files: C:\Workspace\DX-DesignSystem\design-system\node_modules\@storybook\manager\static at C:\Users\nbitjkj\AppData\Local\Temp\chromatic--18272-loeeXnaVs5Ui\sb-common-assets
info Addon-docs: using MDX2
info => Using implicit CSS loaders
info => Using angular browser target options from "design-system:build"
info => Using angular project with "tsConfig:C:\Workspace\DX-DesignSystem\design-system\.storybook\tsconfig.json"
info => Using default Webpack5 setup
<s> [webpack.Progress] 0% 

<s> [webpack.Progress] 1% setup before run
<s> [webpack.Progress] 1% setup before run NodeEnvironmentPlugin
<s> [webpack.Progress] 1% setup before run
<s> [webpack.Progress] 2% setup run
<s> [webpack.Progress] 2% setup run
<s> [webpack.Progress] 4% setup normal module factory
<s> [webpack.Progress] 4% setup normal module factory CaseSensitivePathsPlugin
<s> [webpack.Progress] 4% setup normal module factory
<s> [webpack.Progress] 5% setup context module factory
<s> [webpack.Progress] 5% setup context module factory
<s> [webpack.Progress] 6% setup before compile
<s> [webpack.Progress] 6% setup before compile angular-compiler
<s> [webpack.Progress] 6% setup before compile ProgressPlugin
<s> [webpack.Progress] 6% setup before compile
<s> [webpack.Progress] 7% setup compile
<s> [webpack.Progress] 7% setup compile ExternalsPlugin
<s> [webpack.Progress] 7% setup compile ExternalsPlugin
<s> [webpack.Progress] 7% setup compile
<s> [webpack.Progress] 8% setup compilation
<s> [webpack.Progress] 8% setup compilation angular-occurrences-plugin
<s> [webpack.Progress] 8% setup compilation angular-compiler
<s> [webpack.Progress] 8% setup compilation styles-webpack-plugin
<s> [webpack.Progress] 8% setup compilation mini-css-extract-plugin
<s> [webpack.Progress] 8% setup compilation unplugin-csf
<s> [webpack.Progress] 8% setup compilation storybook-normalize-angular-entry-plugin
<s> [webpack.Progress] 8% setup compilation ArrayPushCallbackChunkFormatPlugin
<s> [webpack.Progress] 8% setup compilation JsonpChunkLoadingPlugin
<s> [webpack.Progress] 8% setup compilation StartupChunkDependenciesPlugin
<s> [webpack.Progress] 8% setup compilation ImportScriptsChunkLoadingPlugin
<s> [webpack.Progress] 8% setup compilation FetchCompileWasmPlugin
<s> [webpack.Progress] 8% setup compilation FetchCompileAsyncWasmPlugin
<s> [webpack.Progress] 8% setup compilation WorkerPlugin
<s> [webpack.Progress] 8% setup compilation SplitChunksPlugin
<s> [webpack.Progress] 8% setup compilation RuntimeChunkPlugin
<s> [webpack.Progress] 8% setup compilation ResolverCachePlugin
<s> [webpack.Progress] 8% setup compilation HtmlWebpackPlugin
<s> [webpack.Progress] 8% setup compilation
<s> [webpack.Progress] 9% setup compilation
<s> [webpack.Progress] 9% setup compilation named-chunks-plugin
<s> [webpack.Progress] 9% setup compilation DedupeModuleResolvePlugin
<s> [webpack.Progress] 9% setup compilation AnyComponentStyleBudgetChecker
<s> [webpack.Progress] 9% setup compilation mini-css-extract-plugin
<s> [webpack.Progress] 9% setup compilation SuppressExtractedTextChunks
<s> [webpack.Progress] 9% setup compilation DefinePlugin
<s> [webpack.Progress] 9% setup compilation ProvidePlugin
<s> [webpack.Progress] 9% setup compilation ProgressPlugin
<s> [webpack.Progress] 9% setup compilation ChunkPrefetchPreloadPlugin
<s> [webpack.Progress] 9% setup compilation SourceMapDevToolPlugin
<s> [webpack.Progress] 9% setup compilation JavascriptModulesPlugin
<s> [webpack.Progress] 9% setup compilation JsonModulesPlugin
<s> [webpack.Progress] 9% setup compilation AssetModulesPlugin
<s> [webpack.Progress] 9% setup compilation DynamicEntryPlugin
<s> [webpack.Progress] 9% setup compilation RuntimePlugin
<s> [webpack.Progress] 9% setup compilation InferAsyncModulesPlugin
<s> [webpack.Progress] 9% setup compilation DataUriPlugin
<s> [webpack.Progress] 9% setup compilation FileUriPlugin
<s> [webpack.Progress] 9% setup compilation CompatibilityPlugin
<s> [webpack.Progress] 9% setup compilation HarmonyModulesPlugin
<s> [webpack.Progress] 9% setup compilation AMDPlugin
<s> [webpack.Progress] 9% setup compilation RequireJsStuffPlugin
<s> [webpack.Progress] 9% setup compilation CommonJsPlugin
<s> [webpack.Progress] 9% setup compilation LoaderPlugin
<s> [webpack.Progress] 9% setup compilation LoaderPlugin
<s> [webpack.Progress] 9% setup compilation NodeStuffPlugin
<s> [webpack.Progress] 9% setup compilation APIPlugin
<s> [webpack.Progress] 9% setup compilation ExportsInfoApiPlugin
<s> [webpack.Progress] 9% setup compilation WebpackIsIncludedPlugin
<s> [webpack.Progress] 9% setup compilation ConstPlugin
<s> [webpack.Progress] 9% setup compilation UseStrictPlugin
<s> [webpack.Progress] 9% setup compilation RequireIncludePlugin
<s> [webpack.Progress] 9% setup compilation RequireEnsurePlugin
<s> [webpack.Progress] 9% setup compilation RequireContextPlugin
<s> [webpack.Progress] 9% setup compilation ImportPlugin
<s> [webpack.Progress] 9% setup compilation RequireContextPlugin
<s> [webpack.Progress] 9% setup compilation SystemPlugin
<s> [webpack.Progress] 9% setup compilation ImportMetaPlugin
<s> [webpack.Progress] 9% setup compilation URLPlugin
<s> [webpack.Progress] 9% setup compilation DefaultStatsFactoryPlugin
<s> [webpack.Progress] 9% setup compilation DefaultStatsPresetPlugin
<s> [webpack.Progress] 9% setup compilation DefaultStatsPrinterPlugin
<s> [webpack.Progress] 9% setup compilation JavascriptMetaInfoPlugin
<s> [webpack.Progress] 9% setup compilation EnsureChunkConditionsPlugin
<s> [webpack.Progress] 9% setup compilation RemoveEmptyChunksPlugin
<s> [webpack.Progress] 9% setup compilation MergeDuplicateChunksPlugin
<s> [webpack.Progress] 9% setup compilation FlagIncludedChunksPlugin
<s> [webpack.Progress] 9% setup compilation SideEffectsFlagPlugin
<s> [webpack.Progress] 9% setup compilation FlagDependencyExportsPlugin
<s> [webpack.Progress] 9% setup compilation FlagDependencyUsagePlugin
<s> [webpack.Progress] 9% setup compilation InnerGraphPlugin
<s> [webpack.Progress] 9% setup compilation MangleExportsPlugin
<s> [webpack.Progress] 9% setup compilation ModuleConcatenationPlugin
<s> [webpack.Progress] 9% setup compilation NoEmitOnErrorsPlugin
<s> [webpack.Progress] 9% setup compilation RealContentHashPlugin
<s> [webpack.Progress] 9% setup compilation WasmFinalizeExportsPlugin
<s> [webpack.Progress] 9% setup compilation NamedModuleIdsPlugin
<s> [webpack.Progress] 9% setup compilation DeterministicChunkIdsPlugin
<s> [webpack.Progress] 9% setup compilation DefinePlugin
<s> [webpack.Progress] 9% setup compilation TerserPlugin
<s> [webpack.Progress] 9% setup compilation TemplatedPathPlugin
<s> [webpack.Progress] 9% setup compilation RecordIdsPlugin
<s> [webpack.Progress] 9% setup compilation WarnCaseSensitiveModulesPlugin
<s> [webpack.Progress] 9% setup compilation IgnoreWarningsPlugin
<s> [webpack.Progress] 9% setup compilation
<s> [webpack.Progress] 10% building
<s> [webpack.Progress] 10% building 0/1 entries 0/0 dependencies 0/0 modules
<s> [webpack.Progress] 10% building import loader ./node_modules/@angular-devkit/build-angular/src/babel/webpack-loader.js
<s> [webpack.Progress] 10% building 0/4 entries 1/4 dependencies 0/1 modules
<s> [webpack.Progress] 10% building import loader ./node_modules/mini-css-extract-plugin/dist/loader.js
<s> [webpack.Progress] 10% building import loader ./node_modules/@angular-devkit/build-angular/node_modules/css-loader/dist/cjs.js
<s> [webpack.Progress] 10% building import loader ./node_modules/postcss-loader/dist/cjs.js
<s> [webpack.Progress] 10% building import loader ./node_modules/resolve-url-loader/index.js
<s> [webpack.Progress] 10% building import loader ./node_modules/sass-loader/dist/cjs.js
<s> [webpack.Progress] 10% building 0/4 entries 3/4 dependencies 0/3 modules
<s> [webpack.Progress] 10% building 0/4 entries 6/6 dependencies 1/6 modules
<s> [webpack.Progress] 23% building 1/4 entries 6/6 dependencies 1/6 modules
info => Copying static files: C:\Workspace\DX-DesignSystem\design-system\src at C:\Users\nbitjkj\AppData\Local\Temp\chromatic--18272-loeeXnaVs5Ui\
<s> [webpack.Progress] 23% building import loader ./node_modules/@ngtools/webpack/src/ivy/index.js
<s> [webpack.Progress] 23% building 1/4 entries 25/27 dependencies 3/25 modules
<s> [webpack.Progress] 23% building import loader ./node_modules/@storybook/mdx2-csf/loader.js
<s> [webpack.Progress] 23% building 1/4 entries 46/58 dependencies 6/43 modules
<s> [webpack.Progress] 23% building 1/4 entries 51/73 dependencies 10/44 modules
<s> [webpack.Progress] 23% building import loader ./node_modules/@storybook/source-loader/dist/index.js
<s> [webpack.Progress] 23% building import loader ./node_modules/unplugin/dist/webpack/loaders/load.js
<s> [webpack.Progress] 23% building 1/4 entries 69/123 dependencies 13/53 modules
<s> [webpack.Progress] 23% building import loader ./node_modules/babel-loader/lib/index.js
<s> [webpack.Progress] 23% building 1/4 entries 71/123 dependencies 14/55 modules
<s> [webpack.Progress] 23% building import loader ./node_modules/style-loader/dist/cjs.js
<s> [webpack.Progress] 23% building import loader ./node_modules/css-loader/dist/cjs.js
<s> [webpack.Progress] 23% building 1/4 entries 92/128 dependencies 20/71 modules
<s> [webpack.Progress] 23% building 1/4 entries 173/262 dependencies 22/100 modules
<s> [webpack.Progress] 23% building 1/4 entries 300/316 dependencies 96/181 modules
<s> [webpack.Progress] 23% building 1/4 entries 345/400 dependencies 124/192 modules
<s> [webpack.Progress] 23% building 1/4 entries 462/500 dependencies 136/244 modules
<s> [webpack.Progress] 23% building 1/4 entries 697/800 dependencies 143/259 modules
<s> [webpack.Progress] 23% building 1/4 entries 1200/1406 dependencies 152/555 modules
<s> [webpack.Progress] 23% building 1/4 entries 1397/1500 dependencies 157/671 modules
<s> [webpack.Progress] 23% building 1/4 entries 1717/1800 dependencies 181/745 modules
<s> [webpack.Progress] 23% building 1/4 entries 2000/2016 dependencies 194/760 modules
<s> [webpack.Progress] 23% building 1/4 entries 2299/2300 dependencies 212/799 modules
<s> [webpack.Progress] 23% building 1/4 entries 2593/2600 dependencies 241/822 modules
<s> [webpack.Progress] 28% building 1/4 entries 2854/2867 dependencies 331/900 modules
<s> [webpack.Progress] 41% building 1/4 entries 3042/3100 dependencies 578/920 modules
<s> [webpack.Progress] 59% building 1/4 entries 3361/3376 dependencies 899/1000 modules
<s> [webpack.Progress] 64% building 2/4 entries 3529/3529 dependencies 1054/1058 modules
<s> [webpack.Progress] 64% building 3/4 entries 3535/3535 dependencies 1058/1060 modules
<s> [webpack.Progress] 65% building 4/4 entries 3535/3535 dependencies 1060/1060 modules
<s> [webpack.Progress] 65% building
<s> [webpack.Progress] 69% building finish
<s> [webpack.Progress] 69% building finish
<s> [webpack.Progress] 70% sealing finish module graph
<s> [webpack.Progress] 70% sealing finish module graph angular-compiler
<s> [webpack.Progress] 70% sealing finish module graph ResolverCachePlugin
<s> [webpack.Progress] 70% sealing finish module graph InferAsyncModulesPlugin
<s> [webpack.Progress] 70% sealing finish module graph FlagDependencyExportsPlugin
<s> [webpack.Progress] 70% sealing finish module graph InnerGraphPlugin
<s> [webpack.Progress] 70% sealing finish module graph WasmFinalizeExportsPlugin
<s> [webpack.Progress] 70% sealing finish module graph
<s> [webpack.Progress] 70% sealing plugins
<s> [webpack.Progress] 70% sealing plugins WarnCaseSensitiveModulesPlugin
<s> [webpack.Progress] 70% sealing plugins
<s> [webpack.Progress] 71% sealing dependencies optimization
<s> [webpack.Progress] 71% sealing dependencies optimization SideEffectsFlagPlugin
<s> [webpack.Progress] 71% sealing dependencies optimization FlagDependencyUsagePlugin
<s> [webpack.Progress] 71% sealing dependencies optimization
<s> [webpack.Progress] 71% sealing after dependencies optimization
<s> [webpack.Progress] 71% sealing after dependencies optimization
<s> [webpack.Progress] 72% sealing chunk graph
<s> [webpack.Progress] 72% sealing chunk graph
<s> [webpack.Progress] 73% sealing after chunk graph
<s> [webpack.Progress] 73% sealing after chunk graph
<s> [webpack.Progress] 73% sealing optimizing
<s> [webpack.Progress] 73% sealing optimizing
<s> [webpack.Progress] 74% sealing module optimization
<s> [webpack.Progress] 74% sealing module optimization
<s> [webpack.Progress] 75% sealing after module optimization
<s> [webpack.Progress] 75% sealing after module optimization
<s> [webpack.Progress] 75% sealing chunk optimization
<s> [webpack.Progress] 75% sealing chunk optimization EnsureChunkConditionsPlugin
<s> [webpack.Progress] 75% sealing chunk optimization RemoveEmptyChunksPlugin
<s> [webpack.Progress] 75% sealing chunk optimization MergeDuplicateChunksPlugin
<s> [webpack.Progress] 75% sealing chunk optimization SplitChunksPlugin
<s> [webpack.Progress] 75% sealing chunk optimization RemoveEmptyChunksPlugin
<s> [webpack.Progress] 75% sealing chunk optimization
<s> [webpack.Progress] 76% sealing after chunk optimization
<s> [webpack.Progress] 76% sealing after chunk optimization
<s> [webpack.Progress] 77% sealing module and chunk tree optimization
<s> [webpack.Progress] 77% sealing module and chunk tree optimization PersistentChildCompilerSingletonPlugin
<s> [webpack.Progress] 77% sealing module and chunk tree optimization
<s> [webpack.Progress] 77% sealing after module and chunk tree optimization
<s> [webpack.Progress] 77% sealing after module and chunk tree optimization
<s> [webpack.Progress] 78% sealing chunk modules optimization
<s> [webpack.Progress] 78% sealing chunk modules optimization ModuleConcatenationPlugin
<s> [webpack.Progress] 78% sealing chunk modules optimization
<s> [webpack.Progress] 78% sealing after chunk modules optimization
<s> [webpack.Progress] 78% sealing after chunk modules optimization
<s> [webpack.Progress] 79% sealing module reviving
<s> [webpack.Progress] 79% sealing module reviving RecordIdsPlugin
<s> [webpack.Progress] 79% sealing module reviving
<s> [webpack.Progress] 80% sealing before module ids
<s> [webpack.Progress] 80% sealing before module ids
<s> [webpack.Progress] 80% sealing module ids
<s> [webpack.Progress] 80% sealing module ids NamedModuleIdsPlugin
<s> [webpack.Progress] 80% sealing module ids
<s> [webpack.Progress] 81% sealing module id optimization
<s> [webpack.Progress] 81% sealing module id optimization
<s> [webpack.Progress] 82% sealing module id optimization
<s> [webpack.Progress] 82% sealing module id optimization
<s> [webpack.Progress] 82% sealing chunk reviving
<s> [webpack.Progress] 82% sealing chunk reviving RecordIdsPlugin
<s> [webpack.Progress] 82% sealing chunk reviving
<s> [webpack.Progress] 83% sealing before chunk ids
<s> [webpack.Progress] 83% sealing before chunk ids
<s> [webpack.Progress] 84% sealing chunk ids
<s> [webpack.Progress] 84% sealing chunk ids DeterministicChunkIdsPlugin
<s> [webpack.Progress] 84% sealing chunk ids
<s> [webpack.Progress] 84% sealing chunk id optimization
<s> [webpack.Progress] 84% sealing chunk id optimization FlagIncludedChunksPlugin
<s> [webpack.Progress] 84% sealing chunk id optimization
<s> [webpack.Progress] 85% sealing after chunk id optimization
<s> [webpack.Progress] 85% sealing after chunk id optimization
<s> [webpack.Progress] 86% sealing record modules
<s> [webpack.Progress] 86% sealing record modules RecordIdsPlugin
<s> [webpack.Progress] 86% sealing record modules
<s> [webpack.Progress] 86% sealing record chunks
<s> [webpack.Progress] 86% sealing record chunks RecordIdsPlugin
<s> [webpack.Progress] 86% sealing record chunks
<s> [webpack.Progress] 87% sealing module hashing
<s> [webpack.Progress] 87% sealing module hashing
<s> [webpack.Progress] 87% sealing code generation
<s> [webpack.Progress] 87% sealing code generation
<s> [webpack.Progress] 88% sealing runtime requirements
<s> [webpack.Progress] 88% sealing runtime requirements
<s> [webpack.Progress] 89% sealing hashing
<s> [webpack.Progress] 89% sealing hashing
<s> [webpack.Progress] 89% sealing after hashing
<s> [webpack.Progress] 89% sealing after hashing
<s> [webpack.Progress] 90% sealing record hash
<s> [webpack.Progress] 90% sealing record hash
<s> [webpack.Progress] 91% sealing module assets processing
<s> [webpack.Progress] 91% sealing module assets processing
<s> [webpack.Progress] 91% sealing chunk assets processing
<s> [webpack.Progress] 91% sealing chunk assets processing
<s> [webpack.Progress] 92% sealing asset processing
<s> [webpack.Progress] 92% sealing asset processing PersistentChildCompilerSingletonPlugin
<s> [webpack.Progress] 92% sealing asset processing TerserPlugin
<s> [webpack.Progress] 92% sealing asset processing SourceMapDevToolPlugin
<s> [webpack.Progress] 92% sealing asset processing SourceMapDevToolPlugin
<s> [webpack.Progress] 92% sealing asset processing SourceMapDevToolPlugin main.3b37b24ce15a84cd2315.css generate SourceMap
<s> [webpack.Progress] 92% sealing asset processing SourceMapDevToolPlugin main.3b37b24ce15a84cd2315.css generated SourceMap
<s> [webpack.Progress] 92% sealing asset processing SourceMapDevToolPlugin main.a108f9ce.iframe.bundle.js generate SourceMap
<s> [webpack.Progress] 92% sealing asset processing SourceMapDevToolPlugin main.a108f9ce.iframe.bundle.js generated SourceMap
<s> [webpack.Progress] 92% sealing asset processing SourceMapDevToolPlugin runtime~main.cd71089c.iframe.bundle.js generate SourceMap
<s> [webpack.Progress] 92% sealing asset processing SourceMapDevToolPlugin runtime~main.cd71089c.iframe.bundle.js generated SourceMap
<s> [webpack.Progress] 92% sealing asset processing SourceMapDevToolPlugin stories-Introduction-mdx.9c6242de.iframe.bundle.js generate SourceMap
<s> [webpack.Progress] 92% sealing asset processing SourceMapDevToolPlugin stories-Introduction-mdx.9c6242de.iframe.bundle.js generated SourceMap
<s> [webpack.Progress] 92% sealing asset processing SourceMapDevToolPlugin stories-brand-identity-Color-stories-mdx.cabd230f.iframe.bundle.js generate SourceMap
<s> [webpack.Progress] 92% sealing asset processing SourceMapDevToolPlugin stories-brand-identity-Color-stories-mdx.cabd230f.iframe.bundle.js generated SourceMap
<s> [webpack.Progress] 92% sealing asset processing SourceMapDevToolPlugin stories-brand-identity-Communication-stories-mdx.2c613004.iframe.bundle.js generate SourceMap
<s> [webpack.Progress] 92% sealing asset processing SourceMapDevToolPlugin stories-brand-identity-Communication-stories-mdx.2c613004.iframe.bundle.js generated SourceMap
<s> [webpack.Progress] 92% sealing asset processing SourceMapDevToolPlugin stories-brand-identity-Typography-stories-mdx.08d84ee9.iframe.bundle.js generate SourceMap
<s> [webpack.Progress] 92% sealing asset processing SourceMapDevToolPlugin stories-brand-identity-Typography-stories-mdx.08d84ee9.iframe.bundle.js generated SourceMap
<s> [webpack.Progress] 92% sealing asset processing SourceMapDevToolPlugin stories-getting-started-Designer-stories-mdx.59c7900c.iframe.bundle.js generate SourceMap
<s> [webpack.Progress] 92% sealing asset processing SourceMapDevToolPlugin stories-getting-started-Designer-stories-mdx.59c7900c.iframe.bundle.js generated SourceMap
<s> [webpack.Progress] 92% sealing asset processing SourceMapDevToolPlugin stories-getting-started-Developer-stories-mdx.f5fd736a.iframe.bundle.js generate SourceMap
<s> [webpack.Progress] 92% sealing asset processing SourceMapDevToolPlugin stories-getting-started-Developer-stories-mdx.f5fd736a.iframe.bundle.js generated SourceMap
<s> [webpack.Progress] 92% sealing asset processing SourceMapDevToolPlugin stories-components-Button-Button-stories.a27df371.iframe.bundle.js generate SourceMap
<s> [webpack.Progress] 92% sealing asset processing SourceMapDevToolPlugin stories-components-Button-Button-stories.a27df371.iframe.bundle.js generated SourceMap
<s> [webpack.Progress] 92% sealing asset processing SourceMapDevToolPlugin 363.4ef93d95.iframe.bundle.js generate SourceMap
<s> [webpack.Progress] 92% sealing asset processing SourceMapDevToolPlugin 363.4ef93d95.iframe.bundle.js generated SourceMap
<s> [webpack.Progress] 92% sealing asset processing SourceMapDevToolPlugin 774.66f61ead.iframe.bundle.js generate SourceMap
<s> [webpack.Progress] 92% sealing asset processing SourceMapDevToolPlugin 774.66f61ead.iframe.bundle.js generated SourceMap
<s> [webpack.Progress] 92% sealing asset processing SourceMapDevToolPlugin 497.fab319fa.iframe.bundle.js generate SourceMap
<s> [webpack.Progress] 92% sealing asset processing SourceMapDevToolPlugin 497.fab319fa.iframe.bundle.js generated SourceMap
<s> [webpack.Progress] 92% sealing asset processing SourceMapDevToolPlugin 8.15e4398e.iframe.bundle.js generate SourceMap
<s> [webpack.Progress] 92% sealing asset processing SourceMapDevToolPlugin 8.15e4398e.iframe.bundle.js generated SourceMap
<s> [webpack.Progress] 92% sealing asset processing SourceMapDevToolPlugin 124.0ca8340d.iframe.bundle.js generate SourceMap
<s> [webpack.Progress] 92% sealing asset processing SourceMapDevToolPlugin 124.0ca8340d.iframe.bundle.js generated SourceMap
<s> [webpack.Progress] 92% sealing asset processing SourceMapDevToolPlugin 988.d2b14242.iframe.bundle.js generate SourceMap
<s> [webpack.Progress] 92% sealing asset processing SourceMapDevToolPlugin 988.d2b14242.iframe.bundle.js generated SourceMap
<s> [webpack.Progress] 92% sealing asset processing SourceMapDevToolPlugin 577.3b0651f4.iframe.bundle.js generate SourceMap
<s> [webpack.Progress] 92% sealing asset processing SourceMapDevToolPlugin 577.3b0651f4.iframe.bundle.js generated SourceMap
<s> [webpack.Progress] 92% sealing asset processing SourceMapDevToolPlugin 568.05f7df1c.iframe.bundle.js generate SourceMap
<s> [webpack.Progress] 92% sealing asset processing SourceMapDevToolPlugin 568.05f7df1c.iframe.bundle.js generated SourceMap
<s> [webpack.Progress] 92% sealing asset processing SourceMapDevToolPlugin 171.9767300e.iframe.bundle.js generate SourceMap
<s> [webpack.Progress] 92% sealing asset processing SourceMapDevToolPlugin 171.9767300e.iframe.bundle.js generated SourceMap
<s> [webpack.Progress] 92% sealing asset processing SourceMapDevToolPlugin 107.2ed8e1cf.iframe.bundle.js generate SourceMap
<s> [webpack.Progress] 92% sealing asset processing SourceMapDevToolPlugin 107.2ed8e1cf.iframe.bundle.js generated SourceMap
<s> [webpack.Progress] 92% sealing asset processing SourceMapDevToolPlugin 732.67ad7bcb.iframe.bundle.js generate SourceMap
<s> [webpack.Progress] 92% sealing asset processing SourceMapDevToolPlugin 732.67ad7bcb.iframe.bundle.js generated SourceMap
<s> [webpack.Progress] 92% sealing asset processing SourceMapDevToolPlugin 288.6aed9383.iframe.bundle.js generate SourceMap
<s> [webpack.Progress] 92% sealing asset processing SourceMapDevToolPlugin 288.6aed9383.iframe.bundle.js generated SourceMap
<s> [webpack.Progress] 92% sealing asset processing SourceMapDevToolPlugin resolve sources
<s> [webpack.Progress] 92% sealing asset processing SourceMapDevToolPlugin 8.15e4398e.iframe.bundle.js attach SourceMap
<s> [webpack.Progress] 92% sealing asset processing SourceMapDevToolPlugin 8.15e4398e.iframe.bundle.js attached SourceMap
<s> [webpack.Progress] 92% sealing asset processing SourceMapDevToolPlugin 171.9767300e.iframe.bundle.js attach SourceMap
<s> [webpack.Progress] 92% sealing asset processing SourceMapDevToolPlugin 171.9767300e.iframe.bundle.js attached SourceMap
<s> [webpack.Progress] 92% sealing asset processing SourceMapDevToolPlugin 732.67ad7bcb.iframe.bundle.js attach SourceMap
<s> [webpack.Progress] 92% sealing asset processing SourceMapDevToolPlugin 732.67ad7bcb.iframe.bundle.js attached SourceMap
<s> [webpack.Progress] 92% sealing asset processing SourceMapDevToolPlugin
<s> [webpack.Progress] 92% sealing asset processing SourceMapDevToolPlugin
<s> [webpack.Progress] 92% sealing asset processing SourceMapDevToolPlugin resolve sources
<s> [webpack.Progress] 92% sealing asset processing SourceMapDevToolPlugin
<s> [webpack.Progress] 92% sealing asset processing HtmlWebpackPlugin
<s> [webpack.Progress] 92% sealing asset processing HtmlWebpackPlugin
<s> [webpack.Progress] 92% sealing asset processing HtmlWebpackPlugin resolve sources
<s> [webpack.Progress] 92% sealing asset processing HtmlWebpackPlugin
<s> [webpack.Progress] 92% sealing asset processing RealContentHashPlugin
<s> [webpack.Progress] 92% sealing asset processing RealContentHashPlugin
<s> [webpack.Progress] 92% sealing asset processing RealContentHashPlugin main.88fb4c06848f5e9793d2.css generate SourceMap
<s> [webpack.Progress] 92% sealing asset processing RealContentHashPlugin main.88fb4c06848f5e9793d2.css generated SourceMap
<s> [webpack.Progress] 92% sealing asset processing RealContentHashPlugin main.82679c58.iframe.bundle.js generate SourceMap
<s> [webpack.Progress] 92% sealing asset processing RealContentHashPlugin main.82679c58.iframe.bundle.js generated SourceMap
<s> [webpack.Progress] 92% sealing asset processing RealContentHashPlugin runtime~main.d2c17d61.iframe.bundle.js generate SourceMap
<s> [webpack.Progress] 92% sealing asset processing RealContentHashPlugin runtime~main.d2c17d61.iframe.bundle.js generated SourceMap
<s> [webpack.Progress] 92% sealing asset processing RealContentHashPlugin stories-components-Button-Button-stories.d11a1af1.iframe.bundle.js generate SourceMap
<s> [webpack.Progress] 92% sealing asset processing RealContentHashPlugin stories-components-Button-Button-stories.d11a1af1.iframe.bundle.js generated SourceMap
<s> [webpack.Progress] 92% sealing asset processing RealContentHashPlugin 363.b6fbf731.iframe.bundle.js generate SourceMap
<s> [webpack.Progress] 92% sealing asset processing RealContentHashPlugin 363.b6fbf731.iframe.bundle.js generated SourceMap
<s> [webpack.Progress] 92% sealing asset processing RealContentHashPlugin 774.f412d333.iframe.bundle.js generate SourceMap
<s> [webpack.Progress] 92% sealing asset processing RealContentHashPlugin 774.f412d333.iframe.bundle.js generated SourceMap
<s> [webpack.Progress] 92% sealing asset processing RealContentHashPlugin 497.e3543e6f.iframe.bundle.js generate SourceMap
<s> [webpack.Progress] 92% sealing asset processing RealContentHashPlugin 497.e3543e6f.iframe.bundle.js generated SourceMap
<s> [webpack.Progress] 92% sealing asset processing RealContentHashPlugin 124.08ce1272.iframe.bundle.js generate SourceMap
<s> [webpack.Progress] 92% sealing asset processing RealContentHashPlugin 124.08ce1272.iframe.bundle.js generated SourceMap
<s> [webpack.Progress] 92% sealing asset processing RealContentHashPlugin 988.591029d9.iframe.bundle.js generate SourceMap
<s> [webpack.Progress] 92% sealing asset processing RealContentHashPlugin 988.591029d9.iframe.bundle.js generated SourceMap
<s> [webpack.Progress] 92% sealing asset processing RealContentHashPlugin 577.c46058e2.iframe.bundle.js generate SourceMap
<s> [webpack.Progress] 92% sealing asset processing RealContentHashPlugin 577.c46058e2.iframe.bundle.js generated SourceMap
<s> [webpack.Progress] 92% sealing asset processing RealContentHashPlugin 568.cf78d1b8.iframe.bundle.js generate SourceMap
<s> [webpack.Progress] 92% sealing asset processing RealContentHashPlugin 568.cf78d1b8.iframe.bundle.js generated SourceMap
<s> [webpack.Progress] 92% sealing asset processing RealContentHashPlugin stories-Introduction-mdx.076d7f8e.iframe.bundle.js generate SourceMap
<s> [webpack.Progress] 92% sealing asset processing RealContentHashPlugin stories-Introduction-mdx.076d7f8e.iframe.bundle.js generated SourceMap
<s> [webpack.Progress] 92% sealing asset processing RealContentHashPlugin stories-brand-identity-Color-stories-mdx.8808dfed.iframe.bundle.js generate SourceMap
<s> [webpack.Progress] 92% sealing asset processing RealContentHashPlugin stories-brand-identity-Color-stories-mdx.8808dfed.iframe.bundle.js generated SourceMap
<s> [webpack.Progress] 92% sealing asset processing RealContentHashPlugin stories-brand-identity-Communication-stories-mdx.f34795d0.iframe.bundle.js generate SourceMap
<s> [webpack.Progress] 92% sealing asset processing RealContentHashPlugin stories-brand-identity-Communication-stories-mdx.f34795d0.iframe.bundle.js generated SourceMap
<s> [webpack.Progress] 92% sealing asset processing RealContentHashPlugin stories-brand-identity-Typography-stories-mdx.10497322.iframe.bundle.js generate SourceMap
<s> [webpack.Progress] 92% sealing asset processing RealContentHashPlugin stories-brand-identity-Typography-stories-mdx.10497322.iframe.bundle.js generated SourceMap
<s> [webpack.Progress] 92% sealing asset processing RealContentHashPlugin stories-getting-started-Designer-stories-mdx.7a234eab.iframe.bundle.js generate SourceMap
<s> [webpack.Progress] 92% sealing asset processing RealContentHashPlugin stories-getting-started-Designer-stories-mdx.7a234eab.iframe.bundle.js generated SourceMap
<s> [webpack.Progress] 92% sealing asset processing RealContentHashPlugin stories-getting-started-Developer-stories-mdx.62cac3bb.iframe.bundle.js generate SourceMap
<s> [webpack.Progress] 92% sealing asset processing RealContentHashPlugin stories-getting-started-Developer-stories-mdx.62cac3bb.iframe.bundle.js generated SourceMap
<s> [webpack.Progress] 92% sealing asset processing RealContentHashPlugin 107.9fd1b690.iframe.bundle.js generate SourceMap
<s> [webpack.Progress] 92% sealing asset processing RealContentHashPlugin 107.9fd1b690.iframe.bundle.js generated SourceMap
<s> [webpack.Progress] 92% sealing asset processing RealContentHashPlugin 288.e17cc5a2.iframe.bundle.js generate SourceMap
<s> [webpack.Progress] 92% sealing asset processing RealContentHashPlugin 288.e17cc5a2.iframe.bundle.js generated SourceMap
<s> [webpack.Progress] 92% sealing asset processing RealContentHashPlugin resolve sources
<s> [webpack.Progress] 92% sealing asset processing RealContentHashPlugin
<s> [webpack.Progress] 92% sealing asset processing angular-occurrences-plugin
<s> [webpack.Progress] 92% sealing asset processing AnyComponentStyleBudgetChecker
<s> [webpack.Progress] 92% sealing asset processing
<s> [webpack.Progress] 93% sealing after asset optimization
<s> [webpack.Progress] 93% sealing after asset optimization
<s> [webpack.Progress] 93% sealing recording
<s> [webpack.Progress] 93% sealing recording
<s> [webpack.Progress] 94% sealing after seal
<s> [webpack.Progress] 94% sealing after seal
<s> [webpack.Progress] 95% emitting emit
<s> [webpack.Progress] 95% emitting emit
<s> [webpack.Progress] 98% emitting after emit
<s> [webpack.Progress] 98% emitting after emit SizeLimitsPlugin
<s> [webpack.Progress] 98% emitting after emit
<s> [webpack.Progress] 99% done plugins
<s> [webpack.Progress] 99% done plugins CaseSensitivePathsPlugin
<s> [webpack.Progress] 99% done plugins
<s> [webpack.Progress] 99% 

<s> [webpack.Progress] 99% cache store build dependencies
<s> [webpack.Progress] 99% cache store build dependencies
<s> [webpack.Progress] 99% cache begin idle
<s> [webpack.Progress] 99% cache begin idle
<s> [webpack.Progress] 100% 

info => Preview built (1.65 min)
WARN Critical dependency: the request of a dependency is an expression
WARN Critical dependency: the request of a dependency is an expression
WARN C:/Workspace/DX-DesignSystem/design-system/src/app/app.component.ts is part of the TypeScript compilation but it's unused.
WARN Add only entry points to the 'files' or 'include' properties in your tsconfig.
WARN C:/Workspace/DX-DesignSystem/design-system/src/app/app.module.ts is part of the TypeScript compilation but it's unused.
WARN Add only entry points to the 'files' or 'include' properties in your tsconfig.
WARN C:/Workspace/DX-DesignSystem/design-system/src/main.ts is part of the TypeScript compilation but it's unused.
WARN Add only entry points to the 'files' or 'include' properties in your tsconfig.
WARN C:/Workspace/DX-DesignSystem/design-system/src/stories/User.ts is part of the TypeScript compilation but it's unused.
WARN Add only entry points to the 'files' or 'include' properties in your tsconfig.
WARN C:/Workspace/DX-DesignSystem/design-system/src/stories/components/Header/Header.sstories.ts is part of the TypeScript compilation but it's unused.
WARN Add only entry points to the 'files' or 'include' properties in your tsconfig.
WARN C:/Workspace/DX-DesignSystem/design-system/src/stories/components/Header/header.component.ts is part of the TypeScript compilation but it's unused.
WARN Add only entry points to the 'files' or 'include' properties in your tsconfig.
WARN C:/Workspace/DX-DesignSystem/design-system/src/stories/components/Page/Page.sstories.ts is part of the TypeScript compilation but it's unused.
WARN Add only entry points to the 'files' or 'include' properties in your tsconfig.
WARN C:/Workspace/DX-DesignSystem/design-system/src/stories/components/Page/page.component.ts is part of the TypeScript compilation but it's unused.
WARN Add only entry points to the 'files' or 'include' properties in your tsconfig.
WARN asset size limit: The following asset(s) exceed the recommended size limit (244 KiB).
WARN This can impact web performance.
WARN Assets: 
WARN   static/media/cc.0062538e.png (459 KiB)
WARN   static/media/intro.7357a1a3.png (1.91 MiB)
WARN   main.88fb4c06848f5e9793d2.css (268 KiB)
WARN   8.b09c5513.iframe.bundle.js (583 KiB)
WARN   171.1d2e17ca.iframe.bundle.js (744 KiB)
WARN   732.919b311a.iframe.bundle.js (2.3 MiB)
WARN   288.e17cc5a2.iframe.bundle.js (2.32 MiB)
WARN entrypoint size limit: The following entrypoint(s) combined asset size exceeds the recommended limit (244 KiB). This can impact web performance.
WARN Entrypoints:
WARN   main (2.61 MiB)
WARN       runtime~main.d2c17d61.iframe.bundle.js
WARN       732.919b311a.iframe.bundle.js
WARN       main.88fb4c06848f5e9793d2.css
WARN       main.82679c58.iframe.bundle.js
WARN 
<s> [webpack.Progress] 99% cache shutdown
<s> [webpack.Progress] 99% cache shutdown
<s> [webpack.Progress] 100% 

info => Output directory: C:\Users\nbitjkj\AppData\Local\Temp\chromatic--18272-loeeXnaVs5Ui
